<?xml version="1.0" encoding="UTF-8"?>
<!-- Generated by org.testng.reporters.JUnitReportReporter -->
<testsuite skipped="0" hostname="USABOS287366L" name="TestClass" tests="5" failures="0" timestamp="15 Oct 2019 23:41:08 GMT" time="2.645" errors="0">
  <testcase name="deleteFileKey" time="2.183" classname="TestClass"/>
  <testcase name="deleteFileNoKey" time="0.148" classname="TestClass"/>
  <testcase name="downloadFileNoKey" time="0.040" classname="TestClass"/>
  <testcase name="downloadFileKey" time="0.046" classname="TestClass"/>
  <testcase name="uploadFile" time="0.228" classname="TestClass"/>
</testsuite> <!-- TestClass -->
