<?xml version="1.0" encoding="UTF-8"?>
<!-- Generated by org.testng.reporters.JUnitReportReporter -->
<testsuite skipped="0" hostname="USABOS287366L" name="TestClass$HelloWorldRestAssured" tests="1" failures="0" timestamp="15 Oct 2019 19:56:10 GMT" time="2.113" errors="0">
  <testcase name="makeSureThatGoogleIsUp" time="2.113" classname="TestClass$HelloWorldRestAssured"/>
</testsuite> <!-- TestClass$HelloWorldRestAssured -->
